Arguments: 
  D:\Program Files\nodejs\node.exe C:\Users\44580\AppData\Roaming\npm\node_modules\yarn\bin\yarn.js install

PATH: 
  C:\Program Files (x86)\Common Files\Oracle\Java\javapath;C:\Windows\system32;C:\Windows;C:\Windows\System32\Wbem;C:\Windows\System32\WindowsPowerShell\v1.0\;C:\Windows\System32\OpenSSH\;C:\Program Files (x86)\NVIDIA Corporation\PhysX\Common;C:\Program Files\NVIDIA Corporation\NVIDIA NvDLISR;D:\Program Files\nodejs\;C:\Program Files\Git\cmd;E:\Program Files (x86)\Tencent\微信web开发者工具\dll;C:\Program Files\Java\jdk-1.8\bin;C:\Program Files\Java\jdk-1.8\jre\bin;C:\Users\44580\AppData\Local\Programs\Python\Python38\Scripts\;C:\Users\44580\AppData\Local\Programs\Python\Python38\;C:\Users\44580\AppData\Local\Microsoft\WindowsApps;C:\Users\44580\AppData\Roaming\npm;C:\Users\44580\AppData\Local\Programs\Microsoft VS Code\bin

Yarn version: 
  1.22.19

Node version: 
  18.14.0

Platform: 
  win32 x64

Trace: 
  Error: EEXIST: file already exists, mkdir 'D:\onlyoffice\project\web-apps\build\node_modules\gulp-imagemin\node_modules\gifsicle\node_modules'

npm manifest: 
  {
    "name": "common",
    "version": "1.0.1",
    "homepage": "http://www.onlyoffice.com",
    "private": true,
    "dependencies": {
      "grunt": "^1.0.0",
      "grunt-contrib-clean": "^2.0.0",
      "grunt-contrib-concat": "^0.5.1",
      "grunt-contrib-copy": "^0.8.0",
      "grunt-contrib-cssmin": "^3.0.0",
      "grunt-contrib-htmlmin": "^2.0.0",
      "grunt-contrib-imagemin": "^3.1.0",
      "grunt-contrib-less": "^2.0.0",
      "grunt-contrib-requirejs": "^1.0.0",
      "grunt-contrib-uglify": "^4.0.1",
      "grunt-exec": "^3.0.0",
      "grunt-inline": "0.3.4",
      "grunt-json-minify": "^1.1.0",
      "grunt-spritesmith": "^6.8.0",
      "grunt-svgmin": "^6.0.0",
      "grunt-text-replace": "0.3.11",
      "iconsprite": "file:sprites",
      "iconv-lite": "^0.5.1",
      "less-plugin-clean-css": "1.5.0",
      "lodash": "^4.17.20",
      "phantomjs": "^1.9.0-1",
      "vinyl-fs": "^3.0.3"
    },
    "devDependencies": {
      "chai": "1.9.1",
      "grunt-mocha": "^1.0.0",
      "gulp-imagemin": "^8.0.0",
      "mocha": "^6.2.2"
    }
  }

yarn manifest: 
  No manifest

Lockfile: 
  No lockfile
